#
# A fatal error has been detected by the Java Runtime Environment:
#
#  EXCEPTION_ACCESS_VIOLATION (0xc0000005) at pc=0x00007ff9f77acae5, pid=17488, tid=16724
#
# JRE version: Java(TM) SE Runtime Environment (22.0.1+8) (build 22.0.1+8-16)
# Java VM: Java HotSpot(TM) 64-Bit Server VM (22.0.1+8-16, mixed mode, sharing, tiered, compressed oops, compressed class ptrs, g1 gc, windows-amd64)
# Problematic frame:
# V  [jvm.dll+0x31cae5]
#
# No core dump will be written. Minidumps are not enabled by default on client versions of Windows
#
# If you would like to submit a bug report, please visit:
#   https://bugreport.java.com/bugreport/crash.jsp
#

---------------  S U M M A R Y ------------

Command Line: -Dclassworlds.conf=D:\netBean\NetBeans-22\netbeans\java\maven\bin\m2.conf -Dmaven.home=D:\netBean\NetBeans-22\netbeans\java\maven -Dlibrary.jansi.path=D:\netBean\NetBeans-22\netbeans\java\maven\lib\jansi-native -Dmaven.multiModuleProjectDirectory=D:\Github\ounetworkserverapp org.codehaus.plexus.classworlds.launcher.Launcher -Dmaven.ext.class.path=D:\netBean\NetBeans-22\netbeans\java\maven-nblib\netbeans-eventspy.jar --no-transfer-progress clean install

Host: Intel(R) Core(TM) i5-8265U CPU @ 1.60GHz, 8 cores, 7G,  Windows 11 , 64 bit Build 22621 (10.0.22621.3958)
Time: Fri Aug 16 21:05:15 2024 SE Asia Standard Time elapsed time: 9.171001 seconds (0d 0h 0m 9s)

---------------  T H R E A D  ---------------

Current thread (0x0000012a4c946ee0):  WorkerThread "G1 Conc#1"      [id=16724, stack(0x0000000a2fe00000,0x0000000a2ff00000) (1024K)]

Stack: [0x0000000a2fe00000,0x0000000a2ff00000],  sp=0x0000000a2feff730,  free space=1021k
Native frames: (J=compiled Java code, j=interpreted, Vv=VM code, C=native code)
V  [jvm.dll+0x31cae5]  (no source info available)
V  [jvm.dll+0x31c97f]  (no source info available)
V  [jvm.dll+0x31a39d]  (no source info available)
V  [jvm.dll+0x333632]  (no source info available)
V  [jvm.dll+0x339710]  (no source info available)
V  [jvm.dll+0x335fd1]  (no source info available)
V  [jvm.dll+0x337b5c]  (no source info available)
V  [jvm.dll+0x3368c4]  (no source info available)
V  [jvm.dll+0x33a226]  (no source info available)
V  [jvm.dll+0x8a4297]  (no source info available)
V  [jvm.dll+0x81d44b]  (no source info available)
V  [jvm.dll+0x6e0915]  (no source info available)
C  [ucrtbase.dll+0x29333]  (no source info available)
C  [KERNEL32.DLL+0x1257d]  (no source info available)
C  [ntdll.dll+0x5af28]  (no source info available)


siginfo: EXCEPTION_ACCESS_VIOLATION (0xc0000005), reading address 0x00000132664d24e0


Registers:
RAX=0x0000012a664d6600, RBX=0x0000012a6651a340, RCX=0x0000000000000014, RDX=0x0000000000000001
RSP=0x0000000a2feff730, RBP=0x0000000000000001, RSI=0x0000012a665019c0, RDI=0x0000000000010000
R8 =0x0000000000010000, R9 =0x00000000fffff7dc, R10=0x0000012a664bbd50, R11=0x0000000000000003
R12=0x0000000000000001, R13=0x0000012a4a1c7d88, R14=0x0000012a0515aeb0, R15=0x00000000ffd64f40
RIP=0x00007ff9f77acae5, EFLAGS=0x0000000000010a02


Register to memory mapping:

RAX=0x0000012a664d6600 points into unknown readable memory: 0x0000012a66538530 | 30 85 53 66 2a 01 00 00
RBX=0x0000012a6651a340 points into unknown readable memory: 0x00007ff9f7e80648 | 48 06 e8 f7 f9 7f 00 00
RCX=0x0000000000000014 is an unknown value
RDX=0x0000000000000001 is an unknown value
RSP=0x0000000a2feff730 points into unknown readable memory: 0x0000000000000000 | 00 00 00 00 00 00 00 00
RBP=0x0000000000000001 is an unknown value
RSI=0x0000012a665019c0 points into unknown readable memory: 0x0000012a66513240 | 40 32 51 66 2a 01 00 00
RDI=0x0000000000010000 is an unknown value
R8 =0x0000000000010000 is an unknown value
R9 =0x00000000fffff7dc is pointing into object: [B 
{0x00000000fffee828} - klass: {type array byte}
 - length: 70055
 -   0: 50 P
 -   1: 4b K
 -   2: 1  
 -   3: 2  
 -   4: 14  
 -   5: 3  
 -   6: a  
 -   7: 0  
 -   8: 0  
 -   9: 8  
 -  10: 8  
 -  11: 0  
 -  12: 2c ,
 -  13: 46 F
 -  14: ffffff83  
 -  15: 4f O
 -  16: 0  
 -  17: 0  
 -  18: 0  
 -  19: 0  
 -  20: 2  
 -  21: 0  
 -  22: 0  
 -  23: 0  
 -  24: 0  
 -  25: 0  
 -  26: 0  
 -  27: 0  
 -  28: 9  
 -  29: 0  
 -  30: 0  
 -  31: 0  
 -  32: 0  
 -  33: 0  
 -  34: 0  
 -  35: 0  
 -  36: 0  
 -  37: 0  
 -  38: 10  
 -  39: 0  
 -  40: ffffffed  
 -  41: 41 A
 -  42: 0  
 -  43: 0  
 -  44: 0  
 -  45: 0  
 -  46: 4d M
 -  47: 45 E
 -  48: 54 T
 -  49: 41 A
 -  50: 2d -
 -  51: 49 I
 -  52: 4e N
 -  53: 46 F
 -  54: 2f /
 -  55: 50 P
 -  56: 4b K
 -  57: 1  
 -  58: 2  
 -  59: 14  
 -  60: 3  
 -  61: a  
 -  62: 0  
 -  63: 0  
 -  64: 8  
 -  65: 8  
 -  66: 0  
 -  67: 2c ,
 -  68: 46 F
 -  69: ffffff83  
 -  70: 4f O
 -  71: 51 Q
 -  72: ffffffc4  
 -  73: fffffff8  
 -  74: ffffffae  
 -  75: ffffff8f  
 -  76: 0  
 -  77: 0  
 -  78: 0  
 -  79: ffffffb7  
 -  80: 0  
 -  81: 0  
 -  82: 0  
 -  83: 14  
 -  84: 0  
 -  85: 0  
 -  86: 0  
 -  87: 0  
 -  88: 0  
 -  89: 0  
 -  90: 0  
 -  91: 0  
 -  92: 0  
 -  93: 0  
 -  94: 0  
 -  95: ffffffa4  
 -  96: ffffff81  
 -  97: 29 )
 -  98: 0  
 -  99: 0  
 - 100: 0  
 - 101: 4d M
 - 102: 45 E
 - 103: 54 T
 - 104: 41 A
 - 105: 2d -
 - 106: 49 I
 - 107: 4e N
 - 108: 46 F
 - 109: 2f /
 - 110: 4d M
 - 111: 41 A
 - 112: 4e N
 - 113: 49 I
 - 114: 46 F
 - 115: 45 E
 - 116: 53 S
 - 117: 54 T
 - 118: 2e .
 - 119: 4d M
 - 120: 46 F
 - 121: 50 P
 - 122: 4b K
 - 123: 1  
 - 124: 2  
 - 125: 14  
 - 126: 3  
 - 127: a  
 - 128: 0  
 - 129: 0  
 - 130: 8  
 - 131: 8  
 - 132: 0  
 - 133: 2c ,
 - 134: 46 F
 - 135: ffffff83  
 - 136: 4f O
 - 137: 0  
 - 138: 0  
 - 139: 0  
 - 140: 0  
 - 141: 2  
 - 142: 0  
 - 143: 0  
 - 144: 0  
 - 145: 0  
 - 146: 0  
 - 147: 0  
 - 148: 0  
 - 149: 4  
 - 150: 0  
 - 151: 0  
 - 152: 0  
 - 153: 0  
 - 154: 0  
 - 155: 0  
 - 156: 0  
 - 157: 0  
 - 158: 0  
 - 159: 10  
 - 160: 0  
 - 161: ffffffed  
 - 162: 41 A
 - 163: ffffffea  
 - 164: 0  
 - 165: 0  
 - 166: 0  
 - 167: 6f o
 - 168: 72 r
 - 169: 67 g
 - 170: 2f /
 - 171: 50 P
 - 172: 4b K
 - 173: 1  
 - 174: 2  
 - 175: 14  
 - 176: 3  
 - 177: a  
 - 178: 0  
 - 179: 0  
 - 180: 8  
 - 181: 8  
 - 182: 0  
 - 183: 2c ,
 - 184: 46 F
 - 185: ffffff83  
 - 186: 4f O
 - 187: 0  
 - 188: 0  
 - 189: 0  
 - 190: 0  
 - 191: 2  
 - 192: 0  
 - 193: 0  
 - 194: 0  
 - 195: 0  
 - 196: 0  
 - 197: 0  
 - 198: 0  
 - 199: 14  
 - 200: 0  
 - 201: 0  
 - 202: 0  
 - 203: 0  
 - 204: 0  
 - 205: 0  
 - 206: 0  
 - 207: 0  
 - 208: 0  
 - 209: 10  
 - 210: 0  
 - 211: ffffffed  
 - 212: 41 A
 - 213: e  
 - 214: 1  
 - 215: 0  
 - 216: 0  
 - 217: 6f o
 - 218: 72 r
 - 219: 67 g
 - 220: 2f /
 - 221: 73 s
 - 222: 70 p
 - 223: 72 r
 - 224: 69 i
 - 225: 6e n
 - 226: 67 g
 - 227: 66 f
 - 228: 72 r
 - 229: 61 a
 - 230: 6d m
 - 231: 65 e
 - 232: 77 w
 - 233: 6f o
 - 234: 72 r
 - 235: 6b k
 - 236: 2f /
 - 237: 50 P
 - 238: 4b K
 - 239: 1  
 - 240: 2  
 - 241: 14  
 - 242: 3  
 - 243: a  
 - 244: 0  
 - 245: 0  
 - 246: 8  
 - 247: 8  
 - 248: 0  
 - 249: 2c ,
 - 250: 46 F
 - 251: ffffff83  
 - 252: 4f O
 - 253: 0  
 - 254: 0  
 - 255: 0  
 - <69799 more elements, increase MaxElementPrintSize to print>
R10=0x0000012a664bbd50 points into unknown readable memory: 0x00007ff9f7e7ed40 | 40 ed e7 f7 f9 7f 00 00
R11=0x0000000000000003 is an unknown value
R12=0x0000000000000001 is an unknown value
R13=0x0000012a4a1c7d88 points into unknown readable memory: 0x88000365c7364d3f | 3f 4d 36 c7 65 03 00 88
R14={method} {0x0000012a0515aeb8} 'equals' '(Ljava/lang/Object;)Z' in 'java/util/HashMap$Node'
R15=0x00000000ffd64f40 is an oop: java.util.HashMap$Node 
{0x00000000ffd64f40} - klass: 'java/util/HashMap$Node'
 - ---- fields (total size 4 words):
 - final 'hash' 'I' @12  121224877 (0x0739bead)
 - final 'key' 'Ljava/lang/Object;' @16  "includesDependencies"{0x00000000828faa20} (0x828faa20)
 - 'value' 'Ljava/lang/Object;' @20  "false"{0x00000000826a2550} (0x826a2550)
 - 'next' 'Ljava/util/HashMap$Node;' @24  
[error occurred during error reporting (printing register info), id 0xc0000005, EXCEPTION_ACCESS_VIOLATION (0xc0000005) at pc=0x00007ff9f7b5d55d]

Top of Stack: (sp=0x0000000a2feff730)
0x0000000a2feff730:   0000000000000000 00007ff9f77acbaa
0x0000000a2feff740:   0000449e466d3bea 0000000a2feff900
0x0000000a2feff750:   0000000000010000 00007ff9f77ac97f
0x0000000a2feff760:   0000012a6651a340 0000000a2feff900
0x0000000a2feff770:   0000012a0515aea8 0000000a2feff900
0x0000000a2feff780:   00000000ffd64f5c 00007ff9f77aa39d
0x0000000a2feff790:   00000000ffd64f58 00007ff9f77aaaed
0x0000000a2feff7a0:   00000000ffd64f34 00007ff9f77c3632
0x0000000a2feff7b0:   0000000a2feff8c0 0000012a4a1c7901
0x0000000a2feff7c0:   00000000ffd64f40 00007ff9f77c3632
0x0000000a2feff7d0:   0000012a0515ac70 0000000000000004
0x0000000a2feff7e0:   0000000a2feff900 0000000000000000
0x0000000a2feff7f0:   0000012a6651a340 00007ff9f77c9710
0x0000000a2feff800:   00000000ffd64f40 0000012a665019d0
0x0000000a2feff810:   0000000a2feff8c0 0000012a665019d0
0x0000000a2feff820:   00000000ffd64f40 00007ff9f77c5fd1
0x0000000a2feff830:   000000000fb2c9e8 0000012a4cddae60
0x0000000a2feff840:   00000000ffee5ba0 00007ff9f77c7634
0x0000000a2feff850:   000000000fb40000 00007ff9f77c7b5c
0x0000000a2feff860:   00000000ffd64f10 000000000fb2c9e8
0x0000000a2feff870:   0000012a4a1c7901 0000012a6651a340
0x0000000a2feff880:   0000000000000000 0000012a4a1c7901
0x0000000a2feff890:   0000012a6651a340 00007ff9f77c68c4
0x0000000a2feff8a0:   0000012a6651a3d8 aaaaaaaaaaaaaaab
0x0000000a2feff8b0:   0000000000000000 0000000000000000
0x0000000a2feff8c0:   0000012a665019c0 0000012a6651a340
0x0000000a2feff8d0:   00000000ffd37c68 0000000000019073
0x0000000a2feff8e0:   00000000ffd37c68 0000000000019073
0x0000000a2feff8f0:   00000000fffffffd 00007ff9f7b712c2
0x0000000a2feff900:   00007ff9f7e80668 0000012a04c56b70
0x0000000a2feff910:   0000000000000003 0000012a664bbd50
0x0000000a2feff920:   0000012a6651a340 00007ff9f7b41525 

Instructions: (pc=0x00007ff9f77acae5)
0x00007ff9f77ac9e5:   05 75 35 48 8b 83 a8 00 00 00 48 39 83 a0 00 00
0x00007ff9f77ac9f5:   00 73 10 48 8b 83 c0 00 00 00 48 39 83 b8 00 00
0x00007ff9f77aca05:   00 72 7f 48 8b cb e8 20 bf 01 00 b0 01 48 8b 5c
0x00007ff9f77aca15:   24 30 48 83 c4 20 5f c3 48 8b 53 30 44 8b 82 80
0x00007ff9f77aca25:   00 00 00 8b 82 00 01 00 00 41 8b c8 2b c8 81 e1
0x00007ff9f77aca35:   ff ff 01 00 81 f9 fe ff 01 00 72 2c 48 8b cb e8
0x00007ff9f77aca45:   f7 b2 01 00 48 8b 53 30 44 8b 82 80 00 00 00 8b
0x00007ff9f77aca55:   82 00 01 00 00 41 8b c8 2b c8 81 e1 ff ff 01 00
0x00007ff9f77aca65:   81 f9 fe ff 01 00 73 1a 48 8b 82 80 01 00 00 4a
0x00007ff9f77aca75:   89 3c c0 41 8d 40 01 25 ff ff 01 00 89 82 80 00
0x00007ff9f77aca85:   00 00 48 8b 5c 24 30 b0 01 48 83 c4 20 5f c3 cc
0x00007ff9f77aca95:   cc cc cc cc cc cc cc cc cc cc cc 48 89 6c 24 10
0x00007ff9f77acaa5:   48 89 74 24 18 57 48 83 ec 20 4c 8b 51 08 48 8b
0x00007ff9f77acab5:   f1 4d 8b c8 8b ea 49 8b f8 41 8b 8a 18 02 00 00
0x00007ff9f77acac5:   49 8b 82 10 02 00 00 48 d3 e0 8b 0d 1b 6f 92 00
0x00007ff9f77acad5:   4c 2b c8 49 8b 82 f8 01 00 00 49 d3 e9 45 8b c9
0x00007ff9f77acae5:   4a 8b 04 c8 48 8b 40 60 4c 3b c0 72 12 32 c0 48
0x00007ff9f77acaf5:   8b 6c 24 38 48 8b 74 24 40 48 83 c4 20 5f c3 48
0x00007ff9f77acb05:   8b 46 10 48 8d 4e 10 48 8b d7 48 89 5c 24 30 ff
0x00007ff9f77acb15:   10 8b 4e 28 48 8b d7 48 2b 56 18 48 8b 46 30 48
0x00007ff9f77acb25:   c1 ea 03 48 d3 ea 48 8b ca 48 c1 e9 06 4c 8d 04
0x00007ff9f77acb35:   c8 0f b6 ca 49 8b 00 80 e1 3f ba 01 00 00 00 48
0x00007ff9f77acb45:   d3 e2 48 8b c8 48 0b ca 48 3b c8 74 12 f0 49 0f
0x00007ff9f77acb55:   b1 08 74 25 48 8b c8 48 0b ca 48 3b c8 75 ee 32
0x00007ff9f77acb65:   db 48 8b 6c 24 38 0f b6 c3 48 8b 5c 24 30 48 8b
0x00007ff9f77acb75:   74 24 40 48 83 c4 20 5f c3 80 3d a6 fc 8b 00 00
0x00007ff9f77acb85:   b3 01 74 15 8b 57 08 8b 0d b6 c3 91 00 48 d3 e2
0x00007ff9f77acb95:   48 03 15 a4 c3 91 00 eb 04 48 8b 57 08 48 8b cf
0x00007ff9f77acba5:   e8 c6 23 eb ff 48 8b 8e b8 02 00 00 4c 8b d8 4c
0x00007ff9f77acbb5:   8b 0c e9 49 8b 51 18 8b 8a 18 02 00 00 4c 8b 82
0x00007ff9f77acbc5:   10 02 00 00 41 8b 51 60 49 d3 e0 8b 0d 1a 6e 92
0x00007ff9f77acbd5:   00 49 2b f8 48 d3 ef 44 8b d7 49 23 d2 48 c1 e2 


Stack slot to memory mapping:

stack at sp + 0 slots: 0x0 is null
stack at sp + 1 slots: 0x00007ff9f77acbaa jvm.dll
stack at sp + 2 slots: 0x0000449e466d3bea is an unknown value
stack at sp + 3 slots: 0x0000000a2feff900 points into unknown readable memory: 0x00007ff9f7e80668 | 68 06 e8 f7 f9 7f 00 00
stack at sp + 4 slots: 0x0000000000010000 is an unknown value
stack at sp + 5 slots: 0x00007ff9f77ac97f jvm.dll
stack at sp + 6 slots: 0x0000012a6651a340 points into unknown readable memory: 0x00007ff9f7e80648 | 48 06 e8 f7 f9 7f 00 00
stack at sp + 7 slots: 0x0000000a2feff900 points into unknown readable memory: 0x00007ff9f7e80668 | 68 06 e8 f7 f9 7f 00 00


---------------  P R O C E S S  ---------------

Threads class SMR info:
_java_thread_list=0x0000012a4d9141d0, length=12, elements={
0x0000012a662bd900, 0x0000012a04c73a60, 0x0000012a04c74880, 0x0000012a04c798d0,
0x0000012a04c85df0, 0x0000012a04c86bb0, 0x0000012a04c87610, 0x0000012a04c888b0,
0x0000012a04c8ee40, 0x0000012a4a190920, 0x0000012a4a197bd0, 0x0000012a4c9427f0
}

Java Threads: ( => current thread )
  0x0000012a662bd900 JavaThread "main"                              [_thread_blocked, id=16784, stack(0x0000000a2e400000,0x0000000a2e500000) (1024K)]
  0x0000012a04c73a60 JavaThread "Reference Handler"          daemon [_thread_blocked, id=8092, stack(0x0000000a2ec00000,0x0000000a2ed00000) (1024K)]
  0x0000012a04c74880 JavaThread "Finalizer"                  daemon [_thread_blocked, id=13968, stack(0x0000000a2ed00000,0x0000000a2ee00000) (1024K)]
  0x0000012a04c798d0 JavaThread "Signal Dispatcher"          daemon [_thread_blocked, id=2892, stack(0x0000000a2ee00000,0x0000000a2ef00000) (1024K)]
  0x0000012a04c85df0 JavaThread "Attach Listener"            daemon [_thread_blocked, id=4004, stack(0x0000000a2ef00000,0x0000000a2f000000) (1024K)]
  0x0000012a04c86bb0 JavaThread "Service Thread"             daemon [_thread_blocked, id=17772, stack(0x0000000a2f000000,0x0000000a2f100000) (1024K)]
  0x0000012a04c87610 JavaThread "Monitor Deflation Thread"   daemon [_thread_blocked, id=17516, stack(0x0000000a2f100000,0x0000000a2f200000) (1024K)]
  0x0000012a04c888b0 JavaThread "C2 CompilerThread0"         daemon [_thread_in_native, id=15536, stack(0x0000000a2f200000,0x0000000a2f300000) (1024K)]
  0x0000012a04c8ee40 JavaThread "C1 CompilerThread0"         daemon [_thread_blocked, id=17036, stack(0x0000000a2f300000,0x0000000a2f400000) (1024K)]
  0x0000012a4a190920 JavaThread "Notification Thread"        daemon [_thread_blocked, id=15964, stack(0x0000000a2f400000,0x0000000a2f500000) (1024K)]
  0x0000012a4a197bd0 JavaThread "Common-Cleaner"             daemon [_thread_blocked, id=18356, stack(0x0000000a2f500000,0x0000000a2f600000) (1024K)]
  0x0000012a4c9427f0 JavaThread "C2 CompilerThread1"         daemon [_thread_blocked, id=16276, stack(0x0000000a2f600000,0x0000000a2f700000) (1024K)]
Total: 12

Other Threads:
  0x0000012a04c5a970 VMThread "VM Thread"                           [id=6876, stack(0x0000000a2eb00000,0x0000000a2ec00000) (1024K)]
  0x0000012a04c41260 WatcherThread "VM Periodic Task Thread"        [id=2668, stack(0x0000000a2ea00000,0x0000000a2eb00000) (1024K)]
  0x0000012a665012c0 WorkerThread "GC Thread#0"                     [id=6932, stack(0x0000000a2e500000,0x0000000a2e600000) (1024K)]
  0x0000012a4a808710 WorkerThread "GC Thread#1"                     [id=17748, stack(0x0000000a2f700000,0x0000000a2f800000) (1024K)]
  0x0000012a4a808ac0 WorkerThread "GC Thread#2"                     [id=7096, stack(0x0000000a2f800000,0x0000000a2f900000) (1024K)]
  0x0000012a4acf7a10 WorkerThread "GC Thread#3"                     [id=15088, stack(0x0000000a2f900000,0x0000000a2fa00000) (1024K)]
  0x0000012a4acf7dc0 WorkerThread "GC Thread#4"                     [id=15116, stack(0x0000000a2fa00000,0x0000000a2fb00000) (1024K)]
  0x0000012a4b041b40 WorkerThread "GC Thread#5"                     [id=3068, stack(0x0000000a2fb00000,0x0000000a2fc00000) (1024K)]
  0x0000012a4b02d5a0 WorkerThread "GC Thread#6"                     [id=15160, stack(0x0000000a2fc00000,0x0000000a2fd00000) (1024K)]
  0x0000012a4b02d950 WorkerThread "GC Thread#7"                     [id=8044, stack(0x0000000a2fd00000,0x0000000a2fe00000) (1024K)]
  0x0000012a66513240 ConcurrentGCThread "G1 Main Marker"            [id=656, stack(0x0000000a2e600000,0x0000000a2e700000) (1024K)]
  0x0000012a66513f00 WorkerThread "G1 Conc#0"                       [id=13532, stack(0x0000000a2e700000,0x0000000a2e800000) (1024K)]
=>0x0000012a4c946ee0 WorkerThread "G1 Conc#1"                       [id=16724, stack(0x0000000a2fe00000,0x0000000a2ff00000) (1024K)]
  0x0000012a04b0e540 ConcurrentGCThread "G1 Refine#0"               [id=16796, stack(0x0000000a2e800000,0x0000000a2e900000) (1024K)]
  0x0000012a04b0ecd0 ConcurrentGCThread "G1 Service"                [id=6756, stack(0x0000000a2e900000,0x0000000a2ea00000) (1024K)]
Total: 15

Threads with active compile tasks:
C2 CompilerThread0  9378 8918   !   4       com.google.inject.spi.InjectionPoint::getInjectionPoints (491 bytes)
Total: 1

VM state: not at safepoint (normal execution)

VM Mutex/Monitor currently owned by a thread:  ([mutex/lock_event])
[0x00007ff9f80fbcb8] Heap_lock - owner thread: 0x0000012a662bd900

Heap address: 0x0000000082400000, size: 2012 MB, Compressed Oops mode: 32-bit

CDS archive(s) mapped at: [0x0000012a05000000-0x0000012a05c60000-0x0000012a05c60000), size 12976128, SharedBaseAddress: 0x0000012a05000000, ArchiveRelocationMode: 1.
Compressed class space mapped at: 0x0000012a06000000-0x0000012a46000000, reserved size: 1073741824
Narrow klass base: 0x0000012a05000000, Narrow klass shift: 0, Narrow klass range: 0x41000000

GC Precious Log:
 CardTable entry size: 512
 Card Set container configuration: InlinePtr #cards 5 size 8 Array Of Cards #cards 12 size 40 Howl #buckets 4 coarsen threshold 1843 Howl Bitmap #cards 512 size 80 coarsen threshold 460 Card regions per heap region 1 cards per card region 2048
 CPUs: 8 total, 8 available
 Memory: 8043M
 Large Page Support: Disabled
 NUMA Support: Disabled
 Compressed Oops: Enabled (32-bit)
 Heap Region Size: 1M
 Heap Min Capacity: 8M
 Heap Initial Capacity: 126M
 Heap Max Capacity: 2012M
 Pre-touch: Disabled
 Parallel Workers: 8
 Concurrent Workers: 2
 Concurrent Refinement Workers: 8
 Periodic GC: Disabled

Heap:
 garbage-first heap   total reserved 2060288K, committed 124928K, used 61092K [0x0000000082400000, 0x0000000100000000)
  region size 1024K, 8 young (8192K), 4 survivors (4096K)
 Metaspace       used 36160K, committed 36736K, reserved 1114112K
  class space    used 4217K, committed 4480K, reserved 1048576K

Heap Regions: E=young(eden), S=young(survivor), O=old, HS=humongous(starts), HC=humongous(continues), CS=collection set, F=free, TAMS=top-at-mark-start, PB=parsable bottom
|   0|0x0000000082400000, 0x0000000082500000, 0x0000000082500000|100%| O|  |TAMS 0x0000000082500000| PB 0x0000000082400000| Untracked |  0
|   1|0x0000000082500000, 0x0000000082600000, 0x0000000082600000|100%| O|  |TAMS 0x0000000082600000| PB 0x0000000082500000| Untracked |  0
|   2|0x0000000082600000, 0x0000000082700000, 0x0000000082700000|100%| O|  |TAMS 0x0000000082700000| PB 0x0000000082600000| Untracked |  0
|   3|0x0000000082700000, 0x0000000082800000, 0x0000000082800000|100%| O|  |TAMS 0x0000000082800000| PB 0x0000000082700000| Untracked |  0
|   4|0x0000000082800000, 0x0000000082900000, 0x0000000082900000|100%| O|  |TAMS 0x0000000082900000| PB 0x0000000082800000| Untracked |  0
|   5|0x0000000082900000, 0x0000000082a00000, 0x0000000082a00000|100%| O|  |TAMS 0x0000000082a00000| PB 0x0000000082900000| Untracked |  0
|   6|0x0000000082a00000, 0x0000000082b00000, 0x0000000082b00000|100%| O|  |TAMS 0x0000000082b00000| PB 0x0000000082a00000| Untracked |  0
|   7|0x0000000082b00000, 0x0000000082c00000, 0x0000000082c00000|100%| O|  |TAMS 0x0000000082c00000| PB 0x0000000082b00000| Untracked |  0
|   8|0x0000000082c00000, 0x0000000082d00000, 0x0000000082d00000|100%| O|  |TAMS 0x0000000082d00000| PB 0x0000000082c00000| Untracked |  0
|   9|0x0000000082d00000, 0x0000000082e00000, 0x0000000082e00000|100%| O|  |TAMS 0x0000000082e00000| PB 0x0000000082d00000| Untracked |  0
|  10|0x0000000082e00000, 0x0000000082f00000, 0x0000000082f00000|100%| O|  |TAMS 0x0000000082f00000| PB 0x0000000082e00000| Untracked |  0
|  11|0x0000000082f00000, 0x0000000083000000, 0x0000000083000000|100%| O|  |TAMS 0x0000000083000000| PB 0x0000000082f00000| Untracked |  0
|  12|0x0000000083000000, 0x0000000083100000, 0x0000000083100000|100%| O|  |TAMS 0x0000000083100000| PB 0x0000000083000000| Untracked |  0
|  13|0x0000000083100000, 0x0000000083200000, 0x0000000083200000|100%| O|  |TAMS 0x0000000083160410| PB 0x0000000083100000| Untracked |  0
|  14|0x0000000083200000, 0x0000000083300000, 0x0000000083300000|100%|HS|  |TAMS 0x0000000083300000| PB 0x0000000083200000| Complete |  0
|  15|0x0000000083300000, 0x0000000083400000, 0x0000000083400000|100%| O|  |TAMS 0x0000000083400000| PB 0x0000000083300000| Untracked |  0
|  16|0x0000000083400000, 0x0000000083500000, 0x0000000083500000|100%| O|  |TAMS 0x0000000083500000| PB 0x0000000083400000| Untracked |  0
|  17|0x0000000083500000, 0x0000000083600000, 0x0000000083600000|100%| O|  |TAMS 0x0000000083600000| PB 0x0000000083500000| Untracked |  0
|  18|0x0000000083600000, 0x0000000083700000, 0x0000000083700000|100%| O|  |TAMS 0x0000000083700000| PB 0x0000000083600000| Untracked |  0
|  19|0x0000000083700000, 0x0000000083800000, 0x0000000083800000|100%| O|  |TAMS 0x0000000083800000| PB 0x0000000083700000| Untracked |  0
|  20|0x0000000083800000, 0x0000000083900000, 0x0000000083900000|100%| O|  |TAMS 0x0000000083900000| PB 0x0000000083800000| Untracked |  0
|  21|0x0000000083900000, 0x0000000083a00000, 0x0000000083a00000|100%| O|  |TAMS 0x0000000083a00000| PB 0x0000000083900000| Untracked |  0
|  22|0x0000000083a00000, 0x0000000083b00000, 0x0000000083b00000|100%| O|  |TAMS 0x0000000083b00000| PB 0x0000000083a00000| Untracked |  0
|  23|0x0000000083b00000, 0x0000000083c00000, 0x0000000083c00000|100%| O|  |TAMS 0x0000000083c00000| PB 0x0000000083b00000| Untracked |  0
|  24|0x0000000083c00000, 0x0000000083d00000, 0x0000000083d00000|100%| O|  |TAMS 0x0000000083d00000| PB 0x0000000083c00000| Untracked |  0
|  25|0x0000000083d00000, 0x0000000083e00000, 0x0000000083e00000|100%| O|  |TAMS 0x0000000083e00000| PB 0x0000000083d00000| Untracked |  0
|  26|0x0000000083e00000, 0x0000000083f00000, 0x0000000083f00000|100%| O|  |TAMS 0x0000000083f00000| PB 0x0000000083e00000| Untracked |  0
|  27|0x0000000083f00000, 0x0000000084000000, 0x0000000084000000|100%| O|  |TAMS 0x0000000084000000| PB 0x0000000083f00000| Untracked |  0
|  28|0x0000000084000000, 0x0000000084100000, 0x0000000084100000|100%| O|  |TAMS 0x0000000084000000| PB 0x0000000084000000| Untracked |  0
|  29|0x0000000084100000, 0x0000000084200000, 0x0000000084200000|100%| O|  |TAMS 0x0000000084100000| PB 0x0000000084100000| Untracked |  0
|  30|0x0000000084200000, 0x00000000842a91d0, 0x0000000084300000| 66%| O|  |TAMS 0x0000000084200000| PB 0x0000000084200000| Untracked |  0
|  31|0x0000000084300000, 0x0000000084400000, 0x0000000084400000|100%| O|  |TAMS 0x0000000084400000| PB 0x0000000084300000| Untracked |  0
|  32|0x0000000084400000, 0x0000000084500000, 0x0000000084500000|100%| O|  |TAMS 0x0000000084500000| PB 0x0000000084400000| Untracked |  0
|  33|0x0000000084500000, 0x0000000084600000, 0x0000000084600000|100%| O|  |TAMS 0x0000000084600000| PB 0x0000000084500000| Untracked |  0
|  34|0x0000000084600000, 0x0000000084700000, 0x0000000084700000|100%| O|  |TAMS 0x0000000084700000| PB 0x0000000084600000| Untracked |  0
|  35|0x0000000084700000, 0x0000000084800000, 0x0000000084800000|100%|HS|  |TAMS 0x0000000084700000| PB 0x0000000084700000| Complete |  0
|  36|0x0000000084800000, 0x0000000084900000, 0x0000000084900000|100%|HC|  |TAMS 0x0000000084800000| PB 0x0000000084800000| Complete |  0
|  37|0x0000000084900000, 0x0000000084a00000, 0x0000000084a00000|100%|HS|  |TAMS 0x0000000084900000| PB 0x0000000084900000| Complete |  0
|  38|0x0000000084a00000, 0x0000000084b00000, 0x0000000084b00000|100%|HC|  |TAMS 0x0000000084a00000| PB 0x0000000084a00000| Complete |  0
|  39|0x0000000084b00000, 0x0000000084c00000, 0x0000000084c00000|100%|HS|  |TAMS 0x0000000084b00000| PB 0x0000000084b00000| Complete |  0
|  40|0x0000000084c00000, 0x0000000084d00000, 0x0000000084d00000|100%|HC|  |TAMS 0x0000000084c00000| PB 0x0000000084c00000| Complete |  0
|  41|0x0000000084d00000, 0x0000000084e00000, 0x0000000084e00000|100%|HS|  |TAMS 0x0000000084d00000| PB 0x0000000084d00000| Complete |  0
|  42|0x0000000084e00000, 0x0000000084f00000, 0x0000000084f00000|100%|HC|  |TAMS 0x0000000084e00000| PB 0x0000000084e00000| Complete |  0
|  43|0x0000000084f00000, 0x0000000084f00000, 0x0000000085000000|  0%| F|  |TAMS 0x0000000084f00000| PB 0x0000000084f00000| Untracked |  0
|  44|0x0000000085000000, 0x0000000085000000, 0x0000000085100000|  0%| F|  |TAMS 0x0000000085000000| PB 0x0000000085000000| Untracked |  0
|  45|0x0000000085100000, 0x0000000085100000, 0x0000000085200000|  0%| F|  |TAMS 0x0000000085100000| PB 0x0000000085100000| Untracked |  0
|  46|0x0000000085200000, 0x0000000085200000, 0x0000000085300000|  0%| F|  |TAMS 0x0000000085200000| PB 0x0000000085200000| Untracked |  0
|  47|0x0000000085300000, 0x0000000085300000, 0x0000000085400000|  0%| F|  |TAMS 0x0000000085300000| PB 0x0000000085300000| Untracked |  0
|  48|0x0000000085400000, 0x0000000085400000, 0x0000000085500000|  0%| F|  |TAMS 0x0000000085400000| PB 0x0000000085400000| Untracked |  0
|  49|0x0000000085500000, 0x0000000085500000, 0x0000000085600000|  0%| F|  |TAMS 0x0000000085500000| PB 0x0000000085500000| Untracked |  0
|  50|0x0000000085600000, 0x0000000085600000, 0x0000000085700000|  0%| F|  |TAMS 0x0000000085600000| PB 0x0000000085600000| Untracked |  0
|  51|0x0000000085700000, 0x0000000085700000, 0x0000000085800000|  0%| F|  |TAMS 0x0000000085700000| PB 0x0000000085700000| Untracked |  0
|  52|0x0000000085800000, 0x0000000085800000, 0x0000000085900000|  0%| F|  |TAMS 0x0000000085800000| PB 0x0000000085800000| Untracked |  0
|  53|0x0000000085900000, 0x0000000085900000, 0x0000000085a00000|  0%| F|  |TAMS 0x0000000085900000| PB 0x0000000085900000| Untracked |  0
|  54|0x0000000085a00000, 0x0000000085a00000, 0x0000000085b00000|  0%| F|  |TAMS 0x0000000085a00000| PB 0x0000000085a00000| Untracked |  0
|  55|0x0000000085b00000, 0x0000000085b00000, 0x0000000085c00000|  0%| F|  |TAMS 0x0000000085b00000| PB 0x0000000085b00000| Untracked |  0
|  56|0x0000000085c00000, 0x0000000085c00000, 0x0000000085d00000|  0%| F|  |TAMS 0x0000000085c00000| PB 0x0000000085c00000| Untracked |  0
|  57|0x0000000085d00000, 0x0000000085d00000, 0x0000000085e00000|  0%| F|  |TAMS 0x0000000085d00000| PB 0x0000000085d00000| Untracked |  0
|  58|0x0000000085e00000, 0x0000000085e00000, 0x0000000085f00000|  0%| F|  |TAMS 0x0000000085e00000| PB 0x0000000085e00000| Untracked |  0
|  59|0x0000000085f00000, 0x0000000085f00000, 0x0000000086000000|  0%| F|  |TAMS 0x0000000085f00000| PB 0x0000000085f00000| Untracked |  0
|  60|0x0000000086000000, 0x0000000086000000, 0x0000000086100000|  0%| F|  |TAMS 0x0000000086000000| PB 0x0000000086000000| Untracked |  0
|  61|0x0000000086100000, 0x0000000086100000, 0x0000000086200000|  0%| F|  |TAMS 0x0000000086100000| PB 0x0000000086100000| Untracked |  0
|  62|0x0000000086200000, 0x0000000086200000, 0x0000000086300000|  0%| F|  |TAMS 0x0000000086200000| PB 0x0000000086200000| Untracked |  0
|  63|0x0000000086300000, 0x0000000086300000, 0x0000000086400000|  0%| F|  |TAMS 0x0000000086300000| PB 0x0000000086300000| Untracked |  0
|  64|0x0000000086400000, 0x0000000086400000, 0x0000000086500000|  0%| F|  |TAMS 0x0000000086400000| PB 0x0000000086400000| Untracked |  0
|  65|0x0000000086500000, 0x0000000086500000, 0x0000000086600000|  0%| F|  |TAMS 0x0000000086500000| PB 0x0000000086500000| Untracked |  0
|  66|0x0000000086600000, 0x0000000086600000, 0x0000000086700000|  0%| F|  |TAMS 0x0000000086600000| PB 0x0000000086600000| Untracked |  0
|  67|0x0000000086700000, 0x0000000086700000, 0x0000000086800000|  0%| F|  |TAMS 0x0000000086700000| PB 0x0000000086700000| Untracked |  0
|  68|0x0000000086800000, 0x0000000086800000, 0x0000000086900000|  0%| F|  |TAMS 0x0000000086800000| PB 0x0000000086800000| Untracked |  0
|  69|0x0000000086900000, 0x0000000086900000, 0x0000000086a00000|  0%| F|  |TAMS 0x0000000086900000| PB 0x0000000086900000| Untracked |  0
|  70|0x0000000086a00000, 0x0000000086b00000, 0x0000000086b00000|100%| S|CS|TAMS 0x0000000086a00000| PB 0x0000000086a00000| Complete |  0
|  71|0x0000000086b00000, 0x0000000086c00000, 0x0000000086c00000|100%| S|CS|TAMS 0x0000000086b00000| PB 0x0000000086b00000| Complete |  0
|  72|0x0000000086c00000, 0x0000000086d00000, 0x0000000086d00000|100%| S|CS|TAMS 0x0000000086c00000| PB 0x0000000086c00000| Complete |  0
|  73|0x0000000086d00000, 0x0000000086e00000, 0x0000000086e00000|100%| S|CS|TAMS 0x0000000086d00000| PB 0x0000000086d00000| Complete |  0
|  74|0x0000000086e00000, 0x0000000086e00000, 0x0000000086f00000|  0%| F|  |TAMS 0x0000000086e00000| PB 0x0000000086e00000| Untracked |  0
|  75|0x0000000086f00000, 0x0000000086f00000, 0x0000000087000000|  0%| F|  |TAMS 0x0000000086f00000| PB 0x0000000086f00000| Untracked |  0
|  76|0x0000000087000000, 0x0000000087000000, 0x0000000087100000|  0%| F|  |TAMS 0x0000000087000000| PB 0x0000000087000000| Untracked |  0
|  77|0x0000000087100000, 0x0000000087100000, 0x0000000087200000|  0%| F|  |TAMS 0x0000000087100000| PB 0x0000000087100000| Untracked |  0
|  78|0x0000000087200000, 0x0000000087200000, 0x0000000087300000|  0%| F|  |TAMS 0x0000000087200000| PB 0x0000000087200000| Untracked |  0
|  79|0x0000000087300000, 0x0000000087300000, 0x0000000087400000|  0%| F|  |TAMS 0x0000000087300000| PB 0x0000000087300000| Untracked |  0
|  80|0x0000000087400000, 0x0000000087400000, 0x0000000087500000|  0%| F|  |TAMS 0x0000000087400000| PB 0x0000000087400000| Untracked |  0
|  81|0x0000000087500000, 0x0000000087500000, 0x0000000087600000|  0%| F|  |TAMS 0x0000000087500000| PB 0x0000000087500000| Untracked |  0
|  82|0x0000000087600000, 0x0000000087600000, 0x0000000087700000|  0%| F|  |TAMS 0x0000000087600000| PB 0x0000000087600000| Untracked |  0
|  83|0x0000000087700000, 0x0000000087700000, 0x0000000087800000|  0%| F|  |TAMS 0x0000000087700000| PB 0x0000000087700000| Untracked |  0
|  84|0x0000000087800000, 0x0000000087800000, 0x0000000087900000|  0%| F|  |TAMS 0x0000000087800000| PB 0x0000000087800000| Untracked |  0
|  85|0x0000000087900000, 0x0000000087900000, 0x0000000087a00000|  0%| F|  |TAMS 0x0000000087900000| PB 0x0000000087900000| Untracked |  0
|  86|0x0000000087a00000, 0x0000000087a00000, 0x0000000087b00000|  0%| F|  |TAMS 0x0000000087a00000| PB 0x0000000087a00000| Untracked |  0
|  87|0x0000000087b00000, 0x0000000087b00000, 0x0000000087c00000|  0%| F|  |TAMS 0x0000000087b00000| PB 0x0000000087b00000| Untracked |  0
|  88|0x0000000087c00000, 0x0000000087c00000, 0x0000000087d00000|  0%| F|  |TAMS 0x0000000087c00000| PB 0x0000000087c00000| Untracked |  0
|  89|0x0000000087d00000, 0x0000000087d00000, 0x0000000087e00000|  0%| F|  |TAMS 0x0000000087d00000| PB 0x0000000087d00000| Untracked |  0
|  90|0x0000000087e00000, 0x0000000087e00000, 0x0000000087f00000|  0%| F|  |TAMS 0x0000000087e00000| PB 0x0000000087e00000| Untracked |  0
|  91|0x0000000087f00000, 0x0000000087f00000, 0x0000000088000000|  0%| F|  |TAMS 0x0000000087f00000| PB 0x0000000087f00000| Untracked |  0
|  92|0x0000000088000000, 0x0000000088000000, 0x0000000088100000|  0%| F|  |TAMS 0x0000000088000000| PB 0x0000000088000000| Untracked |  0
|  93|0x0000000088100000, 0x0000000088100000, 0x0000000088200000|  0%| F|  |TAMS 0x0000000088100000| PB 0x0000000088100000| Untracked |  0
|  94|0x0000000088200000, 0x0000000088200000, 0x0000000088300000|  0%| F|  |TAMS 0x0000000088200000| PB 0x0000000088200000| Untracked |  0
|  95|0x0000000088300000, 0x0000000088300000, 0x0000000088400000|  0%| F|  |TAMS 0x0000000088300000| PB 0x0000000088300000| Untracked |  0
|  96|0x0000000088400000, 0x0000000088400000, 0x0000000088500000|  0%| F|  |TAMS 0x0000000088400000| PB 0x0000000088400000| Untracked |  0
|  97|0x0000000088500000, 0x0000000088500000, 0x0000000088600000|  0%| F|  |TAMS 0x0000000088500000| PB 0x0000000088500000| Untracked |  0
|  98|0x0000000088600000, 0x0000000088600000, 0x0000000088700000|  0%| F|  |TAMS 0x0000000088600000| PB 0x0000000088600000| Untracked |  0
|  99|0x0000000088700000, 0x0000000088700000, 0x0000000088800000|  0%| F|  |TAMS 0x0000000088700000| PB 0x0000000088700000| Untracked |  0
| 100|0x0000000088800000, 0x0000000088800000, 0x0000000088900000|  0%| F|  |TAMS 0x0000000088800000| PB 0x0000000088800000| Untracked |  0
| 101|0x0000000088900000, 0x0000000088900000, 0x0000000088a00000|  0%| F|  |TAMS 0x0000000088900000| PB 0x0000000088900000| Untracked |  0
| 102|0x0000000088a00000, 0x0000000088a00000, 0x0000000088b00000|  0%| F|  |TAMS 0x0000000088a00000| PB 0x0000000088a00000| Untracked |  0
| 103|0x0000000088b00000, 0x0000000088b00000, 0x0000000088c00000|  0%| F|  |TAMS 0x0000000088b00000| PB 0x0000000088b00000| Untracked |  0
| 104|0x0000000088c00000, 0x0000000088c00000, 0x0000000088d00000|  0%| F|  |TAMS 0x0000000088c00000| PB 0x0000000088c00000| Untracked |  0
| 105|0x0000000088d00000, 0x0000000088d00000, 0x0000000088e00000|  0%| F|  |TAMS 0x0000000088d00000| PB 0x0000000088d00000| Untracked |  0
| 106|0x0000000088e00000, 0x0000000088e00000, 0x0000000088f00000|  0%| F|  |TAMS 0x0000000088e00000| PB 0x0000000088e00000| Untracked |  0
| 107|0x0000000088f00000, 0x0000000088f00000, 0x0000000089000000|  0%| F|  |TAMS 0x0000000088f00000| PB 0x0000000088f00000| Untracked |  0
| 108|0x0000000089000000, 0x0000000089080000, 0x0000000089100000| 50%| E|  |TAMS 0x0000000089000000| PB 0x0000000089000000| Complete |  0
| 109|0x0000000089100000, 0x0000000089200000, 0x0000000089200000|100%| E|CS|TAMS 0x0000000089100000| PB 0x0000000089100000| Complete |  0
| 110|0x0000000089200000, 0x0000000089300000, 0x0000000089300000|100%| E|CS|TAMS 0x0000000089200000| PB 0x0000000089200000| Complete |  0
| 125|0x000000008a100000, 0x000000008a200000, 0x000000008a200000|100%| E|CS|TAMS 0x000000008a100000| PB 0x000000008a100000| Complete |  0
|2002|0x00000000ff600000, 0x00000000ff700000, 0x00000000ff700000|100%| O|  |TAMS 0x00000000ff700000| PB 0x00000000ff600000| Untracked |  0
|2003|0x00000000ff700000, 0x00000000ff800000, 0x00000000ff800000|100%| O|  |TAMS 0x00000000ff800000| PB 0x00000000ff700000| Untracked |  0
|2004|0x00000000ff800000, 0x00000000ff900000, 0x00000000ff900000|100%| O|  |TAMS 0x00000000ff900000| PB 0x00000000ff800000| Untracked |  0
|2005|0x00000000ff900000, 0x00000000ffa00000, 0x00000000ffa00000|100%| O|  |TAMS 0x00000000ffa00000| PB 0x00000000ff900000| Untracked |  0
|2006|0x00000000ffa00000, 0x00000000ffb00000, 0x00000000ffb00000|100%| O|  |TAMS 0x00000000ffb00000| PB 0x00000000ffa00000| Untracked |  0
|2007|0x00000000ffb00000, 0x00000000ffc00000, 0x00000000ffc00000|100%| O|  |TAMS 0x00000000ffc00000| PB 0x00000000ffb00000| Untracked |  0
|2008|0x00000000ffc00000, 0x00000000ffd00000, 0x00000000ffd00000|100%| O|  |TAMS 0x00000000ffd00000| PB 0x00000000ffc00000| Untracked |  0
|2009|0x00000000ffd00000, 0x00000000ffe00000, 0x00000000ffe00000|100%| O|  |TAMS 0x00000000ffe00000| PB 0x00000000ffd00000| Untracked |  0
|2010|0x00000000ffe00000, 0x00000000fff00000, 0x00000000fff00000|100%| O|  |TAMS 0x00000000fff00000| PB 0x00000000ffe00000| Untracked |  0
|2011|0x00000000fff00000, 0x0000000100000000, 0x0000000100000000|100%| O|  |TAMS 0x0000000100000000| PB 0x00000000fff00000| Untracked |  0

Card table byte_map: [0x0000012a00000000,0x0000012a003f0000] _byte_map_base: 0x00000129ffbee000

Marking Bits: (CMBitMap*) 0x0000012a665019d0
 Bits: [0x0000012a003f0000, 0x0000012a02360000)

Polling page: 0x0000012a66570000

Metaspace:

Usage:
  Non-class:     31.19 MB used.
      Class:      4.12 MB used.
       Both:     35.31 MB used.

Virtual space:
  Non-class space:       64.00 MB reserved,      31.50 MB ( 49%) committed,  1 nodes.
      Class space:        1.00 GB reserved,       4.38 MB ( <1%) committed,  1 nodes.
             Both:        1.06 GB reserved,      35.88 MB (  3%) committed. 

Chunk freelists:
   Non-Class:  512.00 KB
       Class:  11.67 MB
        Both:  12.17 MB

MaxMetaspaceSize: unlimited
CompressedClassSpaceSize: 1.00 GB
Initial GC threshold: 21.00 MB
Current GC threshold: 35.88 MB
CDS: on
 - commit_granule_bytes: 65536.
 - commit_granule_words: 8192.
 - virtual_space_node_default_size: 8388608.
 - enlarge_chunks_in_place: 1.
 - use_allocation_guard: 0.


Internal statistics:

num_allocs_failed_limit: 11.
num_arena_births: 576.
num_arena_deaths: 0.
num_vsnodes_births: 2.
num_vsnodes_deaths: 0.
num_space_committed: 574.
num_space_uncommitted: 0.
num_chunks_returned_to_freelist: 11.
num_chunks_taken_from_freelist: 1948.
num_chunk_merges: 5.
num_chunk_splits: 1353.
num_chunks_enlarged: 1035.
num_inconsistent_stats: 0.

CodeHeap 'non-profiled nmethods': size=120000Kb used=5342Kb max_used=5342Kb free=114657Kb
 bounds [0x0000012a77ac0000, 0x0000012a78000000, 0x0000012a7eff0000]
CodeHeap 'profiled nmethods': size=120000Kb used=20361Kb max_used=20361Kb free=99638Kb
 bounds [0x0000012a6fff0000, 0x0000012a713e0000, 0x0000012a77520000]
CodeHeap 'non-nmethods': size=5760Kb used=1531Kb max_used=1617Kb free=4229Kb
 bounds [0x0000012a77520000, 0x0000012a77790000, 0x0000012a77ac0000]
 total_blobs=9718 nmethods=9119 adapters=503
 compilation: enabled
              stopped_count=0, restarted_count=0
 full_count=0

Compilation events (20 events):
Event: 9.030 Thread 0x0000012a04c8ee40 9087       3       java.nio.file.Path::toFile (36 bytes)
Event: 9.030 Thread 0x0000012a04c8ee40 nmethod 9087 0x0000012a713b5810 code [0x0000012a713b5a20, 0x0000012a713b6048]
Event: 9.050 Thread 0x0000012a04c8ee40 9088   !   3       java.lang.invoke.InnerClassLambdaMetafactory::generateInnerClass (506 bytes)
Event: 9.053 Thread 0x0000012a04c8ee40 nmethod 9088 0x0000012a713b6210 code [0x0000012a713b66c0, 0x0000012a713b8708]
Event: 9.053 Thread 0x0000012a04c8ee40 9092       3       java.lang.invoke.InnerClassLambdaMetafactory$ForwardingMethodGenerator::convertArgumentTypes (96 bytes)
Event: 9.054 Thread 0x0000012a04c8ee40 nmethod 9092 0x0000012a713b9490 code [0x0000012a713b96e0, 0x0000012a713ba110]
Event: 9.054 Thread 0x0000012a04c8ee40 9089       3       java.lang.invoke.InnerClassLambdaMetafactory::generateConstructor (154 bytes)
Event: 9.055 Thread 0x0000012a04c8ee40 nmethod 9089 0x0000012a713ba690 code [0x0000012a713ba980, 0x0000012a713bb900]
Event: 9.055 Thread 0x0000012a04c8ee40 9091       3       java.lang.invoke.InnerClassLambdaMetafactory$ForwardingMethodGenerator::generate (272 bytes)
Event: 9.056 Thread 0x0000012a04c8ee40 nmethod 9091 0x0000012a713bbe90 code [0x0000012a713bc240, 0x0000012a713bddf0]
Event: 9.056 Thread 0x0000012a04c8ee40 9094       3       java.lang.ClassLoader::findBootstrapClassOrNull (14 bytes)
Event: 9.057 Thread 0x0000012a04c8ee40 nmethod 9094 0x0000012a713be690 code [0x0000012a713be840, 0x0000012a713be9f8]
Event: 9.057 Thread 0x0000012a04c8ee40 9090       3       java.lang.invoke.InnerClassLambdaMetafactory$ForwardingMethodGenerator::<init> (11 bytes)
Event: 9.057 Thread 0x0000012a04c8ee40 nmethod 9090 0x0000012a713bea90 code [0x0000012a713bec40, 0x0000012a713bee40]
Event: 9.057 Thread 0x0000012a04c8ee40 9093       3       java.lang.invoke.InnerClassLambdaMetafactory$ForwardingMethodGenerator::invocationOpcode (104 bytes)
Event: 9.057 Thread 0x0000012a04c8ee40 nmethod 9093 0x0000012a713bef10 code [0x0000012a713bf160, 0x0000012a713bf8e0]
Event: 9.067 Thread 0x0000012a04c8ee40 9095       3       org.apache.maven.project.MavenProject::addArtifactPath (23 bytes)
Event: 9.068 Thread 0x0000012a04c8ee40 nmethod 9095 0x0000012a713bfb90 code [0x0000012a713bfd40, 0x0000012a713bffe8]
Event: 9.083 Thread 0x0000012a04c8ee40 9096       3       jdk.internal.loader.AbstractClassLoaderValue::extractValue (17 bytes)
Event: 9.083 Thread 0x0000012a04c8ee40 nmethod 9096 0x0000012a713c0110 code [0x0000012a713c02c0, 0x0000012a713c0608]

GC Heap History (20 events):
Event: 2.264 GC heap before
{Heap before GC invocations=2 (full 0):
 garbage-first heap   total reserved 2060288K, committed 129024K, used 79961K [0x0000000082400000, 0x0000000100000000)
  region size 1024K, 75 young (76800K), 3 survivors (3072K)
 Metaspace       used 15798K, committed 16064K, reserved 1114112K
  class space    used 1862K, committed 1984K, reserved 1048576K
}
Event: 2.273 GC heap after
{Heap after GC invocations=3 (full 0):
 garbage-first heap   total reserved 2060288K, committed 129024K, used 12487K [0x0000000082400000, 0x0000000100000000)
  region size 1024K, 9 young (9216K), 9 survivors (9216K)
 Metaspace       used 15798K, committed 16064K, reserved 1114112K
  class space    used 1862K, committed 1984K, reserved 1048576K
}
Event: 3.395 GC heap before
{Heap before GC invocations=3 (full 0):
 garbage-first heap   total reserved 2060288K, committed 129024K, used 80071K [0x0000000082400000, 0x0000000100000000)
  region size 1024K, 75 young (76800K), 9 survivors (9216K)
 Metaspace       used 17223K, committed 17472K, reserved 1114112K
  class space    used 1975K, committed 2048K, reserved 1048576K
}
Event: 3.408 GC heap after
{Heap after GC invocations=4 (full 0):
 garbage-first heap   total reserved 2060288K, committed 129024K, used 16153K [0x0000000082400000, 0x0000000100000000)
  region size 1024K, 4 young (4096K), 4 survivors (4096K)
 Metaspace       used 17223K, committed 17472K, reserved 1114112K
  class space    used 1975K, committed 2048K, reserved 1048576K
}
Event: 4.372 GC heap before
{Heap before GC invocations=4 (full 0):
 garbage-first heap   total reserved 2060288K, committed 129024K, used 72473K [0x0000000082400000, 0x0000000100000000)
  region size 1024K, 60 young (61440K), 4 survivors (4096K)
 Metaspace       used 21187K, committed 21504K, reserved 1114112K
  class space    used 2460K, committed 2624K, reserved 1048576K
}
Event: 4.379 GC heap after
{Heap after GC invocations=5 (full 0):
 garbage-first heap   total reserved 2060288K, committed 129024K, used 18987K [0x0000000082400000, 0x0000000100000000)
  region size 1024K, 7 young (7168K), 7 survivors (7168K)
 Metaspace       used 21187K, committed 21504K, reserved 1114112K
  class space    used 2460K, committed 2624K, reserved 1048576K
}
Event: 5.573 GC heap before
{Heap before GC invocations=6 (full 0):
 garbage-first heap   total reserved 2060288K, committed 65536K, used 65067K [0x0000000082400000, 0x0000000100000000)
  region size 1024K, 49 young (50176K), 7 survivors (7168K)
 Metaspace       used 27210K, committed 27584K, reserved 1114112K
  class space    used 3164K, committed 3328K, reserved 1048576K
}
Event: 5.592 GC heap after
{Heap after GC invocations=7 (full 0):
 garbage-first heap   total reserved 2060288K, committed 86016K, used 34073K [0x0000000082400000, 0x0000000100000000)
  region size 1024K, 10 young (10240K), 10 survivors (10240K)
 Metaspace       used 27210K, committed 27584K, reserved 1114112K
  class space    used 3164K, committed 3328K, reserved 1048576K
}
Event: 5.846 GC heap before
{Heap before GC invocations=7 (full 0):
 garbage-first heap   total reserved 2060288K, committed 86016K, used 67865K [0x0000000082400000, 0x0000000100000000)
  region size 1024K, 43 young (44032K), 10 survivors (10240K)
 Metaspace       used 27892K, committed 28288K, reserved 1114112K
  class space    used 3227K, committed 3392K, reserved 1048576K
}
Event: 5.860 GC heap after
{Heap after GC invocations=8 (full 0):
 garbage-first heap   total reserved 2060288K, committed 86016K, used 40448K [0x0000000082400000, 0x0000000100000000)
  region size 1024K, 6 young (6144K), 6 survivors (6144K)
 Metaspace       used 27892K, committed 28288K, reserved 1114112K
  class space    used 3227K, committed 3392K, reserved 1048576K
}
Event: 6.375 GC heap before
{Heap before GC invocations=8 (full 0):
 garbage-first heap   total reserved 2060288K, committed 86016K, used 70144K [0x0000000082400000, 0x0000000100000000)
  region size 1024K, 36 young (36864K), 6 survivors (6144K)
 Metaspace       used 29219K, committed 29568K, reserved 1114112K
  class space    used 3371K, committed 3520K, reserved 1048576K
}
Event: 6.386 GC heap after
{Heap after GC invocations=9 (full 0):
 garbage-first heap   total reserved 2060288K, committed 103424K, used 43008K [0x0000000082400000, 0x0000000100000000)
  region size 1024K, 3 young (3072K), 3 survivors (3072K)
 Metaspace       used 29219K, committed 29568K, reserved 1114112K
  class space    used 3371K, committed 3520K, reserved 1048576K
}
Event: 6.851 GC heap before
{Heap before GC invocations=9 (full 0):
 garbage-first heap   total reserved 2060288K, committed 103424K, used 84992K [0x0000000082400000, 0x0000000100000000)
  region size 1024K, 44 young (45056K), 3 survivors (3072K)
 Metaspace       used 30769K, committed 31296K, reserved 1114112K
  class space    used 3551K, committed 3776K, reserved 1048576K
}
Event: 6.857 GC heap after
{Heap after GC invocations=10 (full 0):
 garbage-first heap   total reserved 2060288K, committed 103424K, used 44032K [0x0000000082400000, 0x0000000100000000)
  region size 1024K, 4 young (4096K), 4 survivors (4096K)
 Metaspace       used 30769K, committed 31296K, reserved 1114112K
  class space    used 3551K, committed 3776K, reserved 1048576K
}
Event: 7.544 GC heap before
{Heap before GC invocations=10 (full 0):
 garbage-first heap   total reserved 2060288K, committed 103424K, used 88064K [0x0000000082400000, 0x0000000100000000)
  region size 1024K, 47 young (48128K), 4 survivors (4096K)
 Metaspace       used 32769K, committed 33216K, reserved 1114112K
  class space    used 3787K, committed 3968K, reserved 1048576K
}
Event: 7.554 GC heap after
{Heap after GC invocations=11 (full 0):
 garbage-first heap   total reserved 2060288K, committed 103424K, used 45539K [0x0000000082400000, 0x0000000100000000)
  region size 1024K, 4 young (4096K), 4 survivors (4096K)
 Metaspace       used 32769K, committed 33216K, reserved 1114112K
  class space    used 3787K, committed 3968K, reserved 1048576K
}
Event: 8.181 GC heap before
{Heap before GC invocations=11 (full 0):
 garbage-first heap   total reserved 2060288K, committed 103424K, used 88547K [0x0000000082400000, 0x0000000100000000)
  region size 1024K, 46 young (47104K), 4 survivors (4096K)
 Metaspace       used 33963K, committed 34560K, reserved 1114112K
  class space    used 3904K, committed 4160K, reserved 1048576K
}
Event: 8.190 GC heap after
{Heap after GC invocations=12 (full 0):
 garbage-first heap   total reserved 2060288K, committed 103424K, used 48513K [0x0000000082400000, 0x0000000100000000)
  region size 1024K, 6 young (6144K), 6 survivors (6144K)
 Metaspace       used 33963K, committed 34560K, reserved 1114112K
  class space    used 3904K, committed 4160K, reserved 1048576K
}
Event: 9.035 GC heap before
{Heap before GC invocations=12 (full 0):
 garbage-first heap   total reserved 2060288K, committed 103424K, used 64897K [0x0000000082400000, 0x0000000100000000)
  region size 1024K, 23 young (23552K), 6 survivors (6144K)
 Metaspace       used 35501K, committed 36096K, reserved 1114112K
  class space    used 4151K, committed 4416K, reserved 1048576K
}
Event: 9.045 GC heap after
{Heap after GC invocations=13 (full 0):
 garbage-first heap   total reserved 2060288K, committed 124928K, used 49828K [0x0000000082400000, 0x0000000100000000)
  region size 1024K, 4 young (4096K), 4 survivors (4096K)
 Metaspace       used 35501K, committed 36096K, reserved 1114112K
  class space    used 4151K, committed 4416K, reserved 1048576K
}

Dll operation events (8 events):
Event: 0.007 Loaded shared library C:\Program Files\Java\jdk-22\bin\java.dll
Event: 0.032 Loaded shared library C:\Program Files\Java\jdk-22\bin\jsvml.dll
Event: 0.045 Loaded shared library C:\Program Files\Java\jdk-22\bin\net.dll
Event: 0.046 Loaded shared library C:\Program Files\Java\jdk-22\bin\nio.dll
Event: 0.048 Loaded shared library C:\Program Files\Java\jdk-22\bin\zip.dll
Event: 0.135 Loaded shared library C:\Program Files\Java\jdk-22\bin\jimage.dll
Event: 0.142 Loaded shared library D:\netBean\NetBeans-22\netbeans\java\maven\lib\jansi-native\Windows\x86_64\jansi.dll
Event: 0.150 Loaded shared library C:\Program Files\Java\jdk-22\bin\verify.dll

Deoptimization events (20 events):
Event: 8.344 Thread 0x0000012a662bd900 Uncommon trap: trap_request=0xffffffde fr.pc=0x0000012a77cbd524 relative=0x0000000000000b04
Event: 8.344 Thread 0x0000012a662bd900 Uncommon trap: reason=class_check action=maybe_recompile pc=0x0000012a77cbd524 method=com.google.inject.internal.FactoryProxy.get(Lcom/google/inject/internal/InternalContext;Lcom/google/inject/spi/Dependency;Z)Ljava/lang/Object; @ 13 c2
Event: 8.344 Thread 0x0000012a662bd900 DEOPT PACKING pc=0x0000012a77cbd524 sp=0x0000000a2e4fd760
Event: 8.344 Thread 0x0000012a662bd900 DEOPT UNPACKING pc=0x0000012a775746a2 sp=0x0000000a2e4fd6b0 mode 2
Event: 8.346 Thread 0x0000012a662bd900 Uncommon trap: trap_request=0xffffffde fr.pc=0x0000012a77cbd524 relative=0x0000000000000b04
Event: 8.346 Thread 0x0000012a662bd900 Uncommon trap: reason=class_check action=maybe_recompile pc=0x0000012a77cbd524 method=com.google.inject.internal.FactoryProxy.get(Lcom/google/inject/internal/InternalContext;Lcom/google/inject/spi/Dependency;Z)Ljava/lang/Object; @ 13 c2
Event: 8.346 Thread 0x0000012a662bd900 DEOPT PACKING pc=0x0000012a77cbd524 sp=0x0000000a2e4fd760
Event: 8.346 Thread 0x0000012a662bd900 DEOPT UNPACKING pc=0x0000012a775746a2 sp=0x0000000a2e4fd6b0 mode 2
Event: 9.049 Thread 0x0000012a662bd900 Uncommon trap: trap_request=0xffffff45 fr.pc=0x0000012a77f6cd40 relative=0x0000000000000820
Event: 9.049 Thread 0x0000012a662bd900 Uncommon trap: reason=unstable_if action=reinterpret pc=0x0000012a77f6cd40 method=java.util.Properties.load0(Ljava/util/Properties$LineReader;)V @ 144 c2
Event: 9.049 Thread 0x0000012a662bd900 DEOPT PACKING pc=0x0000012a77f6cd40 sp=0x0000000a2e4fe3d0
Event: 9.049 Thread 0x0000012a662bd900 DEOPT UNPACKING pc=0x0000012a775746a2 sp=0x0000000a2e4fe368 mode 2
Event: 9.093 Thread 0x0000012a662bd900 Uncommon trap: trap_request=0xffffff3d fr.pc=0x0000012a77c61ee0 relative=0x00000000000000a0
Event: 9.093 Thread 0x0000012a662bd900 Uncommon trap: reason=unstable_fused_if action=reinterpret pc=0x0000012a77c61ee0 method=java.lang.StrictMath.floorOrCeil(DDDD)D @ 8 c2
Event: 9.093 Thread 0x0000012a662bd900 DEOPT PACKING pc=0x0000012a77c61ee0 sp=0x0000000a2e4fd840
Event: 9.093 Thread 0x0000012a662bd900 DEOPT UNPACKING pc=0x0000012a775746a2 sp=0x0000000a2e4fd700 mode 2
Event: 9.095 Thread 0x0000012a662bd900 Uncommon trap: trap_request=0xffffffbe fr.pc=0x0000012a77ba65ac relative=0x000000000000120c
Event: 9.095 Thread 0x0000012a662bd900 Uncommon trap: reason=profile_predicate action=maybe_recompile pc=0x0000012a77ba65ac method=java.util.TimSort.binarySort([Ljava/lang/Object;IIILjava/util/Comparator;)V @ 34 c2
Event: 9.095 Thread 0x0000012a662bd900 DEOPT PACKING pc=0x0000012a77ba65ac sp=0x0000000a2e4fe160
Event: 9.095 Thread 0x0000012a662bd900 DEOPT UNPACKING pc=0x0000012a775746a2 sp=0x0000000a2e4fe130 mode 2

Classes loaded (20 events):
Event: 9.083 Loading class sun/util/locale/provider/BaseLocaleDataMetaInfo
Event: 9.083 Loading class sun/util/locale/provider/BaseLocaleDataMetaInfo done
Event: 9.085 Loading class sun/util/resources/cldr/TimeZoneNames
Event: 9.085 Loading class sun/util/resources/TimeZoneNamesBundle
Event: 9.085 Loading class sun/util/resources/OpenListResourceBundle
Event: 9.085 Loading class sun/util/resources/OpenListResourceBundle done
Event: 9.085 Loading class sun/util/resources/TimeZoneNamesBundle done
Event: 9.085 Loading class sun/util/resources/cldr/TimeZoneNames done
Event: 9.085 Loading class sun/util/resources/cldr/TimeZoneNames_en
Event: 9.086 Loading class sun/util/resources/cldr/TimeZoneNames_en done
Event: 9.086 Loading class sun/util/resources/cldr/TimeZoneNames_en_US
Event: 9.086 Loading class sun/util/resources/cldr/TimeZoneNames_en_US done
Event: 9.088 Loading class sun/util/cldr/CLDRBaseLocaleDataMetaInfo$TZCanonicalIDMapHolder
Event: 9.089 Loading class sun/util/cldr/CLDRBaseLocaleDataMetaInfo$TZCanonicalIDMapHolder done
Event: 9.091 Loading class sun/util/resources/TimeZoneNames
Event: 9.092 Loading class sun/util/resources/TimeZoneNames done
Event: 9.092 Loading class sun/util/resources/TimeZoneNames_en
Event: 9.092 Loading class sun/util/resources/TimeZoneNames_en done
Event: 9.099 Loading class java/util/Vector$Itr
Event: 9.099 Loading class java/util/Vector$Itr done

Classes unloaded (0 events):
No events

Classes redefined (0 events):
No events

Internal exceptions (20 events):
Event: 8.913 Thread 0x0000012a662bd900 Exception <a 'sun/nio/fs/WindowsException'{0x0000000086fc9598}> (0x0000000086fc9598) 
thrown [s\open\src\hotspot\share\prims\jni.cpp, line 520]
Event: 8.917 Thread 0x0000012a662bd900 Exception <a 'sun/nio/fs/WindowsException'{0x0000000086fcfd28}> (0x0000000086fcfd28) 
thrown [s\open\src\hotspot\share\prims\jni.cpp, line 520]
Event: 8.921 Thread 0x0000012a662bd900 Exception <a 'sun/nio/fs/WindowsException'{0x0000000086fd63c0}> (0x0000000086fd63c0) 
thrown [s\open\src\hotspot\share\prims\jni.cpp, line 520]
Event: 8.925 Thread 0x0000012a662bd900 Exception <a 'sun/nio/fs/WindowsException'{0x0000000086fdd448}> (0x0000000086fdd448) 
thrown [s\open\src\hotspot\share\prims\jni.cpp, line 520]
Event: 8.945 Thread 0x0000012a662bd900 Exception <a 'sun/nio/fs/WindowsException'{0x0000000086fe3c70}> (0x0000000086fe3c70) 
thrown [s\open\src\hotspot\share\prims\jni.cpp, line 520]
Event: 8.951 Thread 0x0000012a662bd900 Exception <a 'sun/nio/fs/WindowsException'{0x0000000086fea538}> (0x0000000086fea538) 
thrown [s\open\src\hotspot\share\prims\jni.cpp, line 520]
Event: 8.957 Thread 0x0000012a662bd900 Exception <a 'sun/nio/fs/WindowsException'{0x0000000086ff0d30}> (0x0000000086ff0d30) 
thrown [s\open\src\hotspot\share\prims\jni.cpp, line 520]
Event: 8.961 Thread 0x0000012a662bd900 Exception <a 'sun/nio/fs/WindowsException'{0x0000000086ff7418}> (0x0000000086ff7418) 
thrown [s\open\src\hotspot\share\prims\jni.cpp, line 520]
Event: 8.967 Thread 0x0000012a662bd900 Exception <a 'sun/nio/fs/WindowsException'{0x0000000086ffdb80}> (0x0000000086ffdb80) 
thrown [s\open\src\hotspot\share\prims\jni.cpp, line 520]
Event: 8.973 Thread 0x0000012a662bd900 Exception <a 'sun/nio/fs/WindowsException'{0x0000000086e047d8}> (0x0000000086e047d8) 
thrown [s\open\src\hotspot\share\prims\jni.cpp, line 520]
Event: 8.978 Thread 0x0000012a662bd900 Exception <a 'sun/nio/fs/WindowsException'{0x0000000086e0b158}> (0x0000000086e0b158) 
thrown [s\open\src\hotspot\share\prims\jni.cpp, line 520]
Event: 8.983 Thread 0x0000012a662bd900 Exception <a 'sun/nio/fs/WindowsException'{0x0000000086e11938}> (0x0000000086e11938) 
thrown [s\open\src\hotspot\share\prims\jni.cpp, line 520]
Event: 8.991 Thread 0x0000012a662bd900 Exception <a 'sun/nio/fs/WindowsException'{0x0000000086e180d0}> (0x0000000086e180d0) 
thrown [s\open\src\hotspot\share\prims\jni.cpp, line 520]
Event: 8.996 Thread 0x0000012a662bd900 Exception <a 'sun/nio/fs/WindowsException'{0x0000000086e27e98}> (0x0000000086e27e98) 
thrown [s\open\src\hotspot\share\prims\jni.cpp, line 520]
Event: 9.002 Thread 0x0000012a662bd900 Exception <a 'sun/nio/fs/WindowsException'{0x0000000086e2e6a8}> (0x0000000086e2e6a8) 
thrown [s\open\src\hotspot\share\prims\jni.cpp, line 520]
Event: 9.007 Thread 0x0000012a662bd900 Exception <a 'sun/nio/fs/WindowsException'{0x0000000086e34ce0}> (0x0000000086e34ce0) 
thrown [s\open\src\hotspot\share\prims\jni.cpp, line 520]
Event: 9.013 Thread 0x0000012a662bd900 Exception <a 'sun/nio/fs/WindowsException'{0x0000000086e3b3d0}> (0x0000000086e3b3d0) 
thrown [s\open\src\hotspot\share\prims\jni.cpp, line 520]
Event: 9.018 Thread 0x0000012a662bd900 Exception <a 'sun/nio/fs/WindowsException'{0x0000000086e41cd0}> (0x0000000086e41cd0) 
thrown [s\open\src\hotspot\share\prims\jni.cpp, line 520]
Event: 9.023 Thread 0x0000012a662bd900 Exception <a 'sun/nio/fs/WindowsException'{0x0000000086e484b8}> (0x0000000086e484b8) 
thrown [s\open\src\hotspot\share\prims\jni.cpp, line 520]
Event: 9.027 Thread 0x0000012a662bd900 Exception <a 'sun/nio/fs/WindowsException'{0x0000000086e4eae0}> (0x0000000086e4eae0) 
thrown [s\open\src\hotspot\share\prims\jni.cpp, line 520]

ZGC Phase Switch (0 events):
No events

VM Operations (20 events):
Event: 7.542 Executing VM operation: ICBufferFull
Event: 7.542 Executing VM operation: ICBufferFull done
Event: 7.544 Executing VM operation: G1CollectForAllocation (G1 Evacuation Pause)
Event: 7.554 Executing VM operation: G1CollectForAllocation (G1 Evacuation Pause) done
Event: 7.893 Executing VM operation: ICBufferFull
Event: 7.893 Executing VM operation: ICBufferFull done
Event: 7.961 Executing VM operation: HandshakeAllThreads (Deoptimize)
Event: 7.961 Executing VM operation: HandshakeAllThreads (Deoptimize) done
Event: 7.983 Executing VM operation: HandshakeAllThreads (Deoptimize)
Event: 7.983 Executing VM operation: HandshakeAllThreads (Deoptimize) done
Event: 8.181 Executing VM operation: G1CollectForAllocation (G1 Evacuation Pause)
Event: 8.190 Executing VM operation: G1CollectForAllocation (G1 Evacuation Pause) done
Event: 9.033 Executing VM operation: HandshakeAllThreads (Deoptimize)
Event: 9.033 Executing VM operation: HandshakeAllThreads (Deoptimize) done
Event: 9.035 Executing VM operation: CollectForMetadataAllocation (Metadata GC Threshold)
Event: 9.045 Executing VM operation: CollectForMetadataAllocation (Metadata GC Threshold) done
Event: 9.058 Executing VM operation: HandshakeAllThreads (Deoptimize)
Event: 9.059 Executing VM operation: HandshakeAllThreads (Deoptimize) done
Event: 9.091 Executing VM operation: CollectForMetadataAllocation (Metadata GC Threshold)
Event: 9.091 Executing VM operation: CollectForMetadataAllocation (Metadata GC Threshold) done

Events (16 events):
Event: 0.018 Thread 0x0000012a662bd900 Thread added: 0x0000012a662bd900
Event: 0.030 Thread 0x0000012a04c73a60 Thread added: 0x0000012a04c73a60
Event: 0.030 Thread 0x0000012a04c74880 Thread added: 0x0000012a04c74880
Event: 0.030 Thread 0x0000012a04c798d0 Thread added: 0x0000012a04c798d0
Event: 0.030 Thread 0x0000012a04c85df0 Thread added: 0x0000012a04c85df0
Event: 0.030 Thread 0x0000012a04c86bb0 Thread added: 0x0000012a04c86bb0
Event: 0.030 Thread 0x0000012a04c87610 Thread added: 0x0000012a04c87610
Event: 0.030 Thread 0x0000012a04c888b0 Thread added: 0x0000012a04c888b0
Event: 0.030 Thread 0x0000012a04c8ee40 Thread added: 0x0000012a04c8ee40
Event: 0.042 Thread 0x0000012a4a190920 Thread added: 0x0000012a4a190920
Event: 0.043 Thread 0x0000012a4a197bd0 Thread added: 0x0000012a4a197bd0
Event: 0.616 Thread 0x0000012a4ac5ec30 Thread added: 0x0000012a4ac5ec30
Event: 4.686 Thread 0x0000012a4ac5ec30 Thread exited: 0x0000012a4ac5ec30
Event: 5.131 Thread 0x0000012a4c9427f0 Thread added: 0x0000012a4c9427f0
Event: 7.965 Thread 0x0000012a4d16cca0 Thread added: 0x0000012a4d16cca0
Event: 7.979 Thread 0x0000012a4d16cca0 Thread exited: 0x0000012a4d16cca0


Dynamic libraries:
0x00007ff68d710000 - 0x00007ff68d720000 	C:\Program Files\Java\jdk-22\bin\java.exe
0x00007ffa64a70000 - 0x00007ffa64c87000 	C:\WINDOWS\SYSTEM32\ntdll.dll
0x00007ffa63a60000 - 0x00007ffa63b24000 	C:\WINDOWS\System32\KERNEL32.DLL
0x00007ffa62030000 - 0x00007ffa623dd000 	C:\WINDOWS\System32\KERNELBASE.dll
0x00007ffa623e0000 - 0x00007ffa624f1000 	C:\WINDOWS\System32\ucrtbase.dll
0x00007ffa5c570000 - 0x00007ffa5c587000 	C:\Program Files\Java\jdk-22\bin\jli.dll
0x00007ff9fe2a0000 - 0x00007ff9fe2bb000 	C:\Program Files\Java\jdk-22\bin\VCRUNTIME140.dll
0x00007ffa63840000 - 0x00007ffa638f2000 	C:\WINDOWS\System32\ADVAPI32.dll
0x00007ffa63ee0000 - 0x00007ffa63f87000 	C:\WINDOWS\System32\msvcrt.dll
0x00007ffa63f90000 - 0x00007ffa64039000 	C:\WINDOWS\System32\sechost.dll
0x00007ffa625a0000 - 0x00007ffa625c8000 	C:\WINDOWS\System32\bcrypt.dll
0x00007ffa63b90000 - 0x00007ffa63ca4000 	C:\WINDOWS\System32\RPCRT4.dll
0x00007ffa63cb0000 - 0x00007ffa63e5e000 	C:\WINDOWS\System32\USER32.dll
0x00007ffa62770000 - 0x00007ffa62796000 	C:\WINDOWS\System32\win32u.dll
0x00007ffa51380000 - 0x00007ffa51613000 	C:\WINDOWS\WinSxS\amd64_microsoft.windows.common-controls_6595b64144ccf1df_6.0.22621.3672_none_2713b9d173822955\COMCTL32.dll
0x00007ffa62800000 - 0x00007ffa62829000 	C:\WINDOWS\System32\GDI32.dll
0x00007ffa625d0000 - 0x00007ffa626e9000 	C:\WINDOWS\System32\gdi32full.dll
0x00007ffa62500000 - 0x00007ffa6259a000 	C:\WINDOWS\System32\msvcp_win.dll
0x00007ffa5d580000 - 0x00007ffa5d58a000 	C:\WINDOWS\SYSTEM32\VERSION.dll
0x00007ffa63b30000 - 0x00007ffa63b61000 	C:\WINDOWS\System32\IMM32.DLL
0x00007ffa4ed60000 - 0x00007ffa4ed6c000 	C:\Program Files\Java\jdk-22\bin\vcruntime140_1.dll
0x00007ff9f70f0000 - 0x00007ff9f717e000 	C:\Program Files\Java\jdk-22\bin\msvcp140.dll
0x00007ff9f7490000 - 0x00007ff9f81d7000 	C:\Program Files\Java\jdk-22\bin\server\jvm.dll
0x00007ffa62830000 - 0x00007ffa628a1000 	C:\WINDOWS\System32\WS2_32.dll
0x00007ffa61c50000 - 0x00007ffa61c9d000 	C:\WINDOWS\SYSTEM32\POWRPROF.dll
0x00007ffa5a310000 - 0x00007ffa5a344000 	C:\WINDOWS\SYSTEM32\WINMM.dll
0x00007ffa61c30000 - 0x00007ffa61c43000 	C:\WINDOWS\SYSTEM32\UMPDC.dll
0x00007ffa60dc0000 - 0x00007ffa60dd8000 	C:\WINDOWS\SYSTEM32\kernel.appcore.dll
0x00007ffa4e5d0000 - 0x00007ffa4e5da000 	C:\Program Files\Java\jdk-22\bin\jimage.dll
0x00007ffa5f870000 - 0x00007ffa5faa2000 	C:\WINDOWS\SYSTEM32\DBGHELP.DLL
0x00007ffa628b0000 - 0x00007ffa62c3d000 	C:\WINDOWS\System32\combase.dll
0x00007ffa64060000 - 0x00007ffa64137000 	C:\WINDOWS\System32\OLEAUT32.dll
0x00007ffa593e0000 - 0x00007ffa59412000 	C:\WINDOWS\SYSTEM32\dbgcore.DLL
0x00007ffa626f0000 - 0x00007ffa6276b000 	C:\WINDOWS\System32\bcryptPrimitives.dll
0x00007ff9f7430000 - 0x00007ff9f744e000 	C:\Program Files\Java\jdk-22\bin\java.dll
0x00007ffa64140000 - 0x00007ffa649a8000 	C:\WINDOWS\System32\SHELL32.dll
0x00007ffa62da0000 - 0x00007ffa62f45000 	C:\WINDOWS\System32\ole32.dll
0x00007ffa5fce0000 - 0x00007ffa605de000 	C:\WINDOWS\SYSTEM32\windows.storage.dll
0x00007ffa5fab0000 - 0x00007ffa5fbef000 	C:\WINDOWS\SYSTEM32\wintypes.dll
0x00007ffa62f50000 - 0x00007ffa63049000 	C:\WINDOWS\System32\SHCORE.dll
0x00007ffa63a00000 - 0x00007ffa63a5e000 	C:\WINDOWS\System32\shlwapi.dll
0x00007ffa61cc0000 - 0x00007ffa61ce1000 	C:\WINDOWS\SYSTEM32\profapi.dll
0x00007ff9f7350000 - 0x00007ff9f7427000 	C:\Program Files\Java\jdk-22\bin\jsvml.dll
0x00007ffa4df20000 - 0x00007ffa4df30000 	C:\Program Files\Java\jdk-22\bin\net.dll
0x00007ffa61230000 - 0x00007ffa61299000 	C:\WINDOWS\system32\mswsock.dll
0x00007ff9f7330000 - 0x00007ff9f7346000 	C:\Program Files\Java\jdk-22\bin\nio.dll
0x00007ff9f7310000 - 0x00007ff9f7327000 	C:\Program Files\Java\jdk-22\bin\zip.dll
0x0000000069ac0000 - 0x0000000069ae4000 	D:\netBean\NetBeans-22\netbeans\java\maven\lib\jansi-native\Windows\x86_64\jansi.dll
0x00007ffa4ddf0000 - 0x00007ffa4de00000 	C:\Program Files\Java\jdk-22\bin\verify.dll
0x00007ffa60de0000 - 0x00007ffa60e14000 	C:\WINDOWS\SYSTEM32\ntmarta.dll

dbghelp: loaded successfully - version: 4.0.5 - missing functions: none
symbol engine: initialized successfully - sym options: 0x614 - pdb path: .;C:\Program Files\Java\jdk-22\bin;C:\WINDOWS\SYSTEM32;C:\WINDOWS\WinSxS\amd64_microsoft.windows.common-controls_6595b64144ccf1df_6.0.22621.3672_none_2713b9d173822955;C:\Program Files\Java\jdk-22\bin\server;D:\netBean\NetBeans-22\netbeans\java\maven\lib\jansi-native\Windows\x86_64

VM Arguments:
jvm_args: -Dclassworlds.conf=D:\netBean\NetBeans-22\netbeans\java\maven\bin\m2.conf -Dmaven.home=D:\netBean\NetBeans-22\netbeans\java\maven -Dlibrary.jansi.path=D:\netBean\NetBeans-22\netbeans\java\maven\lib\jansi-native -Dmaven.multiModuleProjectDirectory=D:\Github\ounetworkserverapp 
java_command: org.codehaus.plexus.classworlds.launcher.Launcher -Dmaven.ext.class.path=D:\netBean\NetBeans-22\netbeans\java\maven-nblib\netbeans-eventspy.jar --no-transfer-progress clean install
java_class_path (initial): D:\netBean\NetBeans-22\netbeans\java\maven\boot\plexus-classworlds-2.7.0.jar
Launcher Type: SUN_STANDARD

[Global flags]
     intx CICompilerCount                          = 4                                         {product} {ergonomic}
     uint ConcGCThreads                            = 2                                         {product} {ergonomic}
     uint G1ConcRefinementThreads                  = 8                                         {product} {ergonomic}
   size_t G1HeapRegionSize                         = 1048576                                   {product} {ergonomic}
   size_t InitialHeapSize                          = 132120576                                 {product} {ergonomic}
   size_t MarkStackSize                            = 4194304                                   {product} {ergonomic}
   size_t MaxHeapSize                              = 2109734912                                {product} {ergonomic}
   size_t MaxNewSize                               = 1265631232                                {product} {ergonomic}
   size_t MinHeapDeltaBytes                        = 1048576                                   {product} {ergonomic}
   size_t MinHeapSize                              = 8388608                                   {product} {ergonomic}
    uintx NonNMethodCodeHeapSize                   = 5839372                                {pd product} {ergonomic}
    uintx NonProfiledCodeHeapSize                  = 122909434                              {pd product} {ergonomic}
    uintx ProfiledCodeHeapSize                     = 122909434                              {pd product} {ergonomic}
    uintx ReservedCodeCacheSize                    = 251658240                              {pd product} {ergonomic}
     bool SegmentedCodeCache                       = true                                      {product} {ergonomic}
   size_t SoftMaxHeapSize                          = 2109734912                             {manageable} {ergonomic}
     bool UseCompressedOops                        = true                           {product lp64_product} {ergonomic}
     bool UseG1GC                                  = true                                      {product} {ergonomic}
     bool UseLargePagesIndividualAllocation        = false                                  {pd product} {ergonomic}

Logging:
Log output configuration:
 #0: stdout all=warning uptime,level,tags foldmultilines=false
 #1: stderr all=off uptime,level,tags foldmultilines=false

Environment Variables:
JAVA_HOME=C:\Program Files\Java\jdk-22
PATH=C:\Program Files\Common Files\Oracle\Java\javapath;C:\Program Files (x86)\Common Files\Oracle\Java\java8path;C:\Program Files (x86)\Common Files\Oracle\Java\javapath;C:\Program Files\Microsoft MPI\Bin\;C:\WINDOWS\system32;C:\WINDOWS;C:\WINDOWS\System32\Wbem;C:\WINDOWS\System32\WindowsPowerShell\v1.0\;C:\WINDOWS\System32\OpenSSH\;C:\Program Files\Intel\WiFi\bin\;C:\Program Files\Common Files\Intel\WirelessCommon\;D:\PHP;C:\ProgramData\ComposerSetup\bin;C:\Program Files\dotnet\;C:\Program Files\Microsoft SQL Server\130\Tools\Binn\;C:\Program Files (x86)\Microsoft SQL Server\130\Tools\Binn\;C:\Program Files (x86)\Microsoft SQL Server\130\DTS\Binn\;C:\Program Files\Microsoft SQL Server\130\DTS\Binn\;C:\Program Files (x86)\Microsoft SQL Server\150\DTS\Binn\;D:\data\Git\cmd;C:\Program Files (x86)\dotnet\;C:\Program Files\Microsoft SQL Server\150\Tools\Binn\;C:\Program Files\nodejs\;C:\Users\Admin\AppData\Local\Programs\Python\Python38-32\Scripts\;C:\Users\Admin\AppData\Local\Programs\Python\Python38-32\;C:\Users\Admin\AppData\Local\Microsoft\WindowsApps;C:\Users\Admin\AppData\Local\Microsoft\WindowsApps;C:\Users\Admin\AppData\Roaming\Composer\vendor\bin;C:\Users\Admin\.dotnet\tools;C:\Users\Admin\AppData\Local\GitHubDesktop\bin;C:\ProgramData\Admin\GitHubDesktop\bin;C:\Program Files\sf\bin;C:\Users\Admin\AppData\Roaming\npm;D:\Microsoft VS Code\bin;C:\Program Files\Java\jdk-22\bin;D:\Maven\apache-maven-3.9.8\bin;D:\IntelliJ Resource\IntelliJ IDEA Community Edition 2024.1.4\bin
USERNAME=Admin
OS=Windows_NT
PROCESSOR_IDENTIFIER=Intel64 Family 6 Model 142 Stepping 11, GenuineIntel
TMP=C:\Users\Admin\AppData\Local\Temp
TEMP=C:\Users\Admin\AppData\Local\Temp




Periodic native trim disabled

---------------  S Y S T E M  ---------------

OS:
 Windows 11 , 64 bit Build 22621 (10.0.22621.3958)
OS uptime: 0 days 12:42 hours

CPU: total 8 (initial active 8) (4 cores per cpu, 2 threads per core) family 6 model 142 stepping 11 microcode 0xde, cx8, cmov, fxsr, ht, mmx, 3dnowpref, sse, sse2, sse3, ssse3, sse4.1, sse4.2, popcnt, lzcnt, tsc, tscinvbit, avx, avx2, aes, erms, clmul, bmi1, bmi2, adx, fma, vzeroupper, clflush, clflushopt, rdtscp, f16c
Processor Information for all 8 processors :
  Max Mhz: 1800, Current Mhz: 1600, Mhz Limit: 1584

Memory: 4k page, system-wide physical 8043M (419M free)
TotalPageFile size 17713M (AvailPageFile size 3048M)
current process WorkingSet (physical memory assigned to process): 295M, peak: 303M
current process commit charge ("private bytes"): 346M, peak: 352M

vm_info: Java HotSpot(TM) 64-Bit Server VM (22.0.1+8-16) for windows-amd64 JRE (22.0.1+8-16), built on 2024-03-12T10:33:16Z by "mach5one" with MS VC++ 17.6 (VS2022)

END.
